[2020-05-17T11:26:15.385] [DEBUG] cheese - login => username:zs,password:123456
[2020-05-17T11:26:15.387] [DEBUG] cheese - zs
[2020-05-17T11:26:15.393] [DEBUG] cheese - null
[2020-05-17T11:26:15.394] [DEBUG] cheese - null
[2020-05-17T11:27:40.516] [DEBUG] cheese - login => username:admin,password:123456
[2020-05-17T11:27:40.516] [DEBUG] cheese - admin
[2020-05-17T11:27:40.521] [DEBUG] cheese - null
[2020-05-17T11:27:40.521] [DEBUG] cheese - null
[2020-06-10T21:46:50.172] [DEBUG] cheese - login => username:admin,password:123456
[2020-06-10T21:46:50.174] [DEBUG] cheese - admin
[2020-06-10T21:46:50.376] [DEBUG] cheese - null
[2020-06-10T21:46:50.376] [DEBUG] cheese - null
[2020-06-10T21:47:22.816] [DEBUG] cheese - login => username:admin,password:123456
[2020-06-10T21:47:22.816] [DEBUG] cheese - admin
[2020-06-10T21:47:22.824] [DEBUG] cheese - null
[2020-06-10T21:47:22.824] [DEBUG] cheese - null
[2020-06-10T21:47:23.411] [DEBUG] cheese - login => username:admin,password:123456
[2020-06-10T21:47:23.411] [DEBUG] cheese - admin
[2020-06-10T21:47:23.414] [DEBUG] cheese - null
[2020-06-10T21:47:23.414] [DEBUG] cheese - null
[2020-06-10T21:47:23.584] [DEBUG] cheese - login => username:admin,password:123456
[2020-06-10T21:47:23.585] [DEBUG] cheese - admin
[2020-06-10T21:47:23.591] [DEBUG] cheese - null
[2020-06-10T21:47:23.591] [DEBUG] cheese - null
[2020-06-10T21:47:23.761] [DEBUG] cheese - login => username:admin,password:123456
[2020-06-10T21:47:23.761] [DEBUG] cheese - admin
[2020-06-10T21:47:23.764] [DEBUG] cheese - null
[2020-06-10T21:47:23.765] [DEBUG] cheese - null
[2020-06-10T22:25:00.795] [DEBUG] cheese - login => username:dsfdf,password:dsfsdff
[2020-06-10T22:25:00.798] [DEBUG] cheese - dsfdf
[2020-06-10T22:25:00.809] [DEBUG] cheese - null
[2020-06-10T22:25:00.810] [DEBUG] cheese - null
[2020-06-10T22:25:06.409] [DEBUG] cheese - login => username:admin,password:123456
[2020-06-10T22:25:06.409] [DEBUG] cheese - admin
[2020-06-10T22:25:06.417] [DEBUG] cheese - null
[2020-06-10T22:25:06.418] [DEBUG] cheese - null
[2020-06-10T22:25:10.534] [DEBUG] cheese - login => username:admin,password:123456
[2020-06-10T22:25:10.534] [DEBUG] cheese - admin
[2020-06-10T22:25:10.538] [DEBUG] cheese - null
[2020-06-10T22:25:10.538] [DEBUG] cheese - null
[2020-06-10T22:25:11.983] [DEBUG] cheese - login => username:admin,password:123456
[2020-06-10T22:25:11.983] [DEBUG] cheese - admin
[2020-06-10T22:25:11.987] [DEBUG] cheese - null
[2020-06-10T22:25:11.987] [DEBUG] cheese - null
[2020-06-10T22:25:12.158] [DEBUG] cheese - login => username:admin,password:123456
[2020-06-10T22:25:12.158] [DEBUG] cheese - admin
[2020-06-10T22:25:12.162] [DEBUG] cheese - null
[2020-06-10T22:25:12.162] [DEBUG] cheese - null
[2020-06-10T22:25:12.326] [DEBUG] cheese - login => username:admin,password:123456
[2020-06-10T22:25:12.326] [DEBUG] cheese - admin
[2020-06-10T22:25:12.329] [DEBUG] cheese - null
[2020-06-10T22:25:12.329] [DEBUG] cheese - null
[2020-06-10T22:25:12.493] [DEBUG] cheese - login => username:admin,password:123456
[2020-06-10T22:25:12.493] [DEBUG] cheese - admin
[2020-06-10T22:25:12.497] [DEBUG] cheese - null
[2020-06-10T22:25:12.497] [DEBUG] cheese - null
[2020-06-10T22:25:12.655] [DEBUG] cheese - login => username:admin,password:123456
[2020-06-10T22:25:12.655] [DEBUG] cheese - admin
[2020-06-10T22:25:12.658] [DEBUG] cheese - null
[2020-06-10T22:25:12.658] [DEBUG] cheese - null
[2020-06-10T22:25:12.823] [DEBUG] cheese - login => username:admin,password:123456
[2020-06-10T22:25:12.823] [DEBUG] cheese - admin
[2020-06-10T22:25:12.826] [DEBUG] cheese - null
[2020-06-10T22:25:12.826] [DEBUG] cheese - null
[2020-06-10T22:25:13.005] [DEBUG] cheese - login => username:admin,password:123456
[2020-06-10T22:25:13.006] [DEBUG] cheese - admin
[2020-06-10T22:25:13.009] [DEBUG] cheese - null
[2020-06-10T22:25:13.009] [DEBUG] cheese - null
[2020-06-10T22:25:13.166] [DEBUG] cheese - login => username:admin,password:123456
[2020-06-10T22:25:13.166] [DEBUG] cheese - admin
[2020-06-10T22:25:13.169] [DEBUG] cheese - null
[2020-06-10T22:25:13.169] [DEBUG] cheese - null
[2020-06-10T22:30:58.662] [DEBUG] cheese - login => username:admin,password:123456
[2020-06-10T22:30:58.662] [DEBUG] cheese - admin
[2020-06-10T22:30:58.666] [DEBUG] cheese - null
[2020-06-10T22:30:58.666] [DEBUG] cheese - null
[2020-06-10T22:32:03.898] [DEBUG] cheese - login => username:admin,password:123456
[2020-06-10T22:32:03.899] [DEBUG] cheese - admin
[2020-06-10T22:32:03.902] [DEBUG] cheese - null
[2020-06-10T22:32:03.902] [DEBUG] cheese - null
[2020-06-10T22:33:08.861] [DEBUG] cheese - login => username:admin,password:123456
[2020-06-10T22:33:08.861] [DEBUG] cheese - admin
[2020-06-10T22:33:08.864] [DEBUG] cheese - null
[2020-06-10T22:33:08.864] [DEBUG] cheese - null
[2020-06-10T22:35:04.886] [DEBUG] cheese - login => username:admind,password:123456
[2020-06-10T22:35:04.886] [DEBUG] cheese - admind
[2020-06-10T22:35:04.889] [DEBUG] cheese - null
[2020-06-10T22:35:04.889] [DEBUG] cheese - null
[2020-06-10T22:35:08.520] [DEBUG] cheese - login => username:admin,password:123456
[2020-06-10T22:35:08.520] [DEBUG] cheese - admin
[2020-06-10T22:35:08.523] [DEBUG] cheese - null
[2020-06-10T22:35:08.523] [DEBUG] cheese - null
[2020-06-10T22:52:45.965] [DEBUG] cheese - login => username:admin,password:123456
[2020-06-10T22:52:45.965] [DEBUG] cheese - admin
[2020-06-10T22:52:45.968] [DEBUG] cheese - null
[2020-06-10T22:52:45.968] [DEBUG] cheese - null
[2020-06-10T23:01:15.955] [DEBUG] cheese - login => username:admin,password:123456
[2020-06-10T23:01:15.955] [DEBUG] cheese - admin
[2020-06-10T23:01:15.959] [DEBUG] cheese - null
[2020-06-10T23:01:15.959] [DEBUG] cheese - null
[2020-06-10T23:01:20.430] [DEBUG] cheese - login => username:admin,password:123456
[2020-06-10T23:01:20.430] [DEBUG] cheese - admin
[2020-06-10T23:01:20.433] [DEBUG] cheese - null
[2020-06-10T23:01:20.433] [DEBUG] cheese - null
[2020-06-11T13:22:02.513] [DEBUG] cheese - login => username:admin,password:123456
[2020-06-11T13:22:02.514] [DEBUG] cheese - admin
[2020-06-11T13:22:02.567] [DEBUG] cheese - null
[2020-06-11T13:22:02.567] [DEBUG] cheese - null
[2020-06-11T13:40:59.371] [DEBUG] cheese - login => username:admin,password:123456
[2020-06-11T13:40:59.372] [DEBUG] cheese - admin
[2020-06-11T13:40:59.376] [DEBUG] cheese - null
[2020-06-11T13:40:59.376] [DEBUG] cheese - null
[2020-06-11T14:03:28.567] [DEBUG] cheese - login => username:admin,password:123456
[2020-06-11T14:03:28.567] [DEBUG] cheese - admin
[2020-06-11T14:03:28.570] [DEBUG] cheese - null
[2020-06-11T14:03:28.571] [DEBUG] cheese - null
[2020-06-11T14:05:35.016] [DEBUG] cheese - login => username:admin,password:123456
[2020-06-11T14:05:35.016] [DEBUG] cheese - admin
[2020-06-11T14:05:35.019] [DEBUG] cheese - null
[2020-06-11T14:05:35.019] [DEBUG] cheese - null
[2020-06-11T16:02:13.931] [DEBUG] cheese - login => username:admin,password:123456
[2020-06-11T16:02:13.932] [DEBUG] cheese - admin
[2020-06-11T16:02:13.945] [DEBUG] cheese - null
[2020-06-11T16:02:13.945] [DEBUG] cheese - null
[2020-06-11T16:07:58.981] [DEBUG] cheese - login => username:admin,password:123456
[2020-06-11T16:07:58.981] [DEBUG] cheese - admin
[2020-06-11T16:07:58.984] [DEBUG] cheese - null
[2020-06-11T16:07:58.984] [DEBUG] cheese - null
[2020-06-11T16:09:31.033] [DEBUG] cheese - login => username:admin,password:123456
[2020-06-11T16:09:31.033] [DEBUG] cheese - admin
[2020-06-11T16:09:31.036] [DEBUG] cheese - null
[2020-06-11T16:09:31.036] [DEBUG] cheese - null
[2020-06-11T17:34:09.702] [DEBUG] cheese - login => username:admin,password:123456
[2020-06-11T17:34:09.703] [DEBUG] cheese - admin
[2020-06-11T17:34:09.845] [DEBUG] cheese - null
[2020-06-11T17:34:09.846] [DEBUG] cheese - null
[2020-06-11T18:03:39.188] [DEBUG] cheese - login => username:admin,password:123456
[2020-06-11T18:03:39.189] [DEBUG] cheese - admin
[2020-06-11T18:03:39.191] [DEBUG] cheese - null
[2020-06-11T18:03:39.191] [DEBUG] cheese - null
[2020-06-11T18:21:37.437] [DEBUG] cheese - login => username:admin,password:123456
[2020-06-11T18:21:37.437] [DEBUG] cheese - admin
[2020-06-11T18:21:37.442] [DEBUG] cheese - null
[2020-06-11T18:21:37.442] [DEBUG] cheese - null
[2020-06-11T18:37:13.346] [DEBUG] cheese - login => username:admin,password:123456
[2020-06-11T18:37:13.346] [DEBUG] cheese - admin
[2020-06-11T18:37:13.348] [DEBUG] cheese - null
[2020-06-11T18:37:13.348] [DEBUG] cheese - null
[2020-06-11T19:03:37.717] [DEBUG] cheese - login => username:admin,password:123456
[2020-06-11T19:03:37.717] [DEBUG] cheese - admin
[2020-06-11T19:03:37.724] [DEBUG] cheese - null
[2020-06-11T19:03:37.725] [DEBUG] cheese - null
[2020-06-12T09:27:26.450] [DEBUG] cheese - login => username:admin,password:123456
[2020-06-12T09:27:26.454] [DEBUG] cheese - admin
[2020-06-12T09:27:26.533] [DEBUG] cheese - null
[2020-06-12T09:27:26.534] [DEBUG] cheese - null
[2020-06-12T12:24:18.307] [DEBUG] cheese - login => username:admin,password:123456
[2020-06-12T12:24:18.308] [DEBUG] cheese - admin
[2020-06-12T12:24:18.317] [DEBUG] cheese - null
[2020-06-12T12:24:18.317] [DEBUG] cheese - null
[2020-06-12T12:36:48.886] [DEBUG] cheese - login => username:admin,password:123456
[2020-06-12T12:36:48.888] [DEBUG] cheese - admin
[2020-06-12T12:36:48.893] [DEBUG] cheese - null
[2020-06-12T12:36:48.894] [DEBUG] cheese - null
[2020-06-12T17:12:17.320] [DEBUG] cheese - login => username:admin,password:123456
[2020-06-12T17:12:17.321] [DEBUG] cheese - admin
[2020-06-12T17:12:17.324] [DEBUG] cheese - null
[2020-06-12T17:12:17.324] [DEBUG] cheese - null
[2020-06-13T09:02:33.705] [DEBUG] cheese - login => username:admin,password:123456
[2020-06-13T09:02:33.706] [DEBUG] cheese - admin
[2020-06-13T09:02:33.779] [DEBUG] cheese - null
[2020-06-13T09:02:33.780] [DEBUG] cheese - null
[2020-06-13T20:05:03.924] [DEBUG] cheese - login => username:admin,password:123456
[2020-06-13T20:05:03.926] [DEBUG] cheese - admin
[2020-06-13T20:05:04.212] [DEBUG] cheese - null
[2020-06-13T20:05:04.213] [DEBUG] cheese - null
[2020-06-13T20:49:58.756] [DEBUG] cheese - null
[2020-06-13T20:50:01.305] [DEBUG] cheese - null
[2020-06-13T20:50:18.360] [DEBUG] cheese - null
[2020-06-13T20:50:21.008] [DEBUG] cheese - null
[2020-06-13T20:50:23.722] [DEBUG] cheese - null
[2020-06-13T20:50:27.904] [DEBUG] cheese - null
[2020-06-13T22:27:16.348] [DEBUG] cheese - login => username:admin,password:123456
[2020-06-13T22:27:16.350] [DEBUG] cheese - admin
[2020-06-13T22:27:16.365] [DEBUG] cheese - null
[2020-06-13T22:27:16.365] [DEBUG] cheese - null
[2020-06-14T07:40:10.029] [DEBUG] cheese - login => username:admin,password:123456
[2020-06-14T07:40:10.031] [DEBUG] cheese - admin
[2020-06-14T07:40:10.126] [DEBUG] cheese - null
[2020-06-14T07:40:10.128] [DEBUG] cheese - null
[2020-06-14T09:02:33.861] [DEBUG] cheese - login => username:admin,password:123456
[2020-06-14T09:02:33.863] [DEBUG] cheese - admin
[2020-06-14T09:02:33.868] [DEBUG] cheese - null
[2020-06-14T09:02:33.869] [DEBUG] cheese - null
[2020-06-14T15:05:55.360] [DEBUG] cheese - login => username:admin,password:123456
[2020-06-14T15:05:55.361] [DEBUG] cheese - admin
[2020-06-14T15:05:55.410] [DEBUG] cheese - null
[2020-06-14T15:05:55.410] [DEBUG] cheese - null
[2020-06-28T09:59:52.678] [DEBUG] cheese - login => username:admin,password:123456
[2020-06-28T09:59:52.680] [DEBUG] cheese - admin
[2020-06-28T09:59:52.865] [DEBUG] cheese - null
[2020-06-28T09:59:52.866] [DEBUG] cheese - null
[2020-06-28T10:21:26.428] [DEBUG] cheese - login => username:admin,password:123456
[2020-06-28T10:21:26.430] [DEBUG] cheese - admin
[2020-06-28T10:21:26.435] [DEBUG] cheese - null
[2020-06-28T10:21:26.436] [DEBUG] cheese - null
[2020-06-28T10:21:31.033] [DEBUG] cheese - login => username:admin,password:123456
[2020-06-28T10:21:31.034] [DEBUG] cheese - admin
[2020-06-28T10:21:31.035] [DEBUG] cheese - null
[2020-06-28T10:21:31.035] [DEBUG] cheese - null
[2020-06-29T09:50:02.299] [DEBUG] cheese - login => username:admin,password:123456
[2020-06-29T09:50:02.301] [DEBUG] cheese - admin
[2020-06-29T09:50:02.399] [DEBUG] cheese - null
[2020-06-29T09:50:02.400] [DEBUG] cheese - null
[2020-06-29T10:21:05.899] [DEBUG] cheese - login => username:admin,password:123456
[2020-06-29T10:21:05.901] [DEBUG] cheese - admin
[2020-06-29T10:21:05.911] [DEBUG] cheese - null
[2020-06-29T10:21:05.912] [DEBUG] cheese - null
